<?xml version="1.0" encoding="UTF-8" ?>
<testsuite tests="2" failures="0" name="com.RamyaATATask.TestRunner" time="28.956" errors="0" skipped="0">
  <properties>
[...]
</properties>
  <testcase classname="As a user of the system I must be able to see my message after I press the start button and the loading stops" name="Checking for the Element rendered after the fact" time="14.889"/>
  <testcase classname="As a user of the system I must be able to see my message after I press the start button and the loading stops" name="Checking for the Element on page that is hidden" time="14.067"/>
</testsuite>